[debug] [2023-02-19T07:28:41.619Z] ----------------------------------------------------------------------
[debug] [2023-02-19T07:28:41.624Z] Command:       C:\Program Files\nodejs\node.exe C:\Users\01\AppData\Roaming\npm\node_modules\firebase-tools\lib\bin\firebase.js deploy
[debug] [2023-02-19T07:28:41.625Z] CLI Version:   11.5.0
[debug] [2023-02-19T07:28:41.625Z] Platform:      win32
[debug] [2023-02-19T07:28:41.625Z] Node Version:  v16.16.0
[debug] [2023-02-19T07:28:41.633Z] Time:          Sun Feb 19 2023 12:58:41 GMT+0530 (India Standard Time)
[debug] [2023-02-19T07:28:41.634Z] ----------------------------------------------------------------------
[debug] 
[debug] [2023-02-19T07:28:41.642Z] >>> [apiv2][query] GET https://firebase-public.firebaseio.com/cli.json [none]
[debug] [2023-02-19T07:28:41.776Z] > command requires scopes: ["email","openid","https://www.googleapis.com/auth/cloudplatformprojects.readonly","https://www.googleapis.com/auth/firebase","https://www.googleapis.com/auth/cloud-platform"]
[debug] [2023-02-19T07:28:41.777Z] > authorizing via signed-in user (heavenkapopara@gmail.com)
[debug] [2023-02-19T07:28:41.777Z] [iam] checking project hey1-portfolio for permissions ["firebase.projects.get","firebasehosting.sites.update"]
[debug] [2023-02-19T07:28:41.779Z] > refreshing access token with scopes: []
[debug] [2023-02-19T07:28:41.780Z] >>> [apiv2][query] POST https://www.googleapis.com/oauth2/v3/token [none]
[debug] [2023-02-19T07:28:41.780Z] >>> [apiv2][body] POST https://www.googleapis.com/oauth2/v3/token [omitted]
[debug] [2023-02-19T07:28:42.144Z] <<< [apiv2][status] POST https://www.googleapis.com/oauth2/v3/token 200
[debug] [2023-02-19T07:28:42.145Z] <<< [apiv2][body] POST https://www.googleapis.com/oauth2/v3/token [omitted]
[debug] [2023-02-19T07:28:42.178Z] >>> [apiv2][query] POST https://cloudresourcemanager.googleapis.com/v1/projects/hey1-portfolio:testIamPermissions [none]
[debug] [2023-02-19T07:28:42.179Z] >>> [apiv2][(partial)header] POST https://cloudresourcemanager.googleapis.com/v1/projects/hey1-portfolio:testIamPermissions x-goog-quota-user=projects/hey1-portfolio
[debug] [2023-02-19T07:28:42.180Z] >>> [apiv2][body] POST https://cloudresourcemanager.googleapis.com/v1/projects/hey1-portfolio:testIamPermissions {"permissions":["firebase.projects.get","firebasehosting.sites.update"]}
[debug] [2023-02-19T07:28:42.434Z] <<< [apiv2][status] GET https://firebase-public.firebaseio.com/cli.json 200
[debug] [2023-02-19T07:28:42.435Z] <<< [apiv2][body] GET https://firebase-public.firebaseio.com/cli.json {"cloudBuildErrorAfter":1594252800000,"cloudBuildWarnAfter":1590019200000,"defaultNode10After":1594252800000,"minVersion":"3.0.5","node8DeploysDisabledAfter":1613390400000,"node8RuntimeDisabledAfter":1615809600000,"node8WarnAfter":1600128000000}
[debug] [2023-02-19T07:28:43.854Z] <<< [apiv2][status] POST https://cloudresourcemanager.googleapis.com/v1/projects/hey1-portfolio:testIamPermissions 200
[debug] [2023-02-19T07:28:43.855Z] <<< [apiv2][body] POST https://cloudresourcemanager.googleapis.com/v1/projects/hey1-portfolio:testIamPermissions {}
[debug] [2023-02-19T07:28:43.857Z] [iam] error while checking permissions, command may fail: FirebaseError: Authorization failed. This account is missing the following required permissions on project hey1-portfolio:

  firebase.projects.get
  firebasehosting.sites.update
[debug] [2023-02-19T07:28:43.863Z] >>> [apiv2][query] GET https://firebase.googleapis.com/v1beta1/projects/hey1-portfolio [none]
[debug] [2023-02-19T07:28:44.361Z] <<< [apiv2][status] GET https://firebase.googleapis.com/v1beta1/projects/hey1-portfolio 403
[debug] [2023-02-19T07:28:44.362Z] <<< [apiv2][body] GET https://firebase.googleapis.com/v1beta1/projects/hey1-portfolio {"error":{"code":403,"message":"The caller does not have permission","status":"PERMISSION_DENIED"}}
[debug] [2023-02-19T07:28:44.365Z] HTTP Error: 403, The caller does not have permission
[debug] [2023-02-19T07:28:44.584Z] FirebaseError: HTTP Error: 403, The caller does not have permission
    at responseToError (C:\Users\01\AppData\Roaming\npm\node_modules\firebase-tools\lib\responseToError.js:49:12)
    at RetryOperation._fn (C:\Users\01\AppData\Roaming\npm\node_modules\firebase-tools\lib\apiv2.js:288:77)
    at processTicksAndRejections (node:internal/process/task_queues:96:5)
[error] 
[error] Error: Failed to get Firebase project hey1-portfolio. Please make sure the project exists and your account has permission to access it.
